build/app/intermediates/manifest_merge_blame_file/debug/manifest-merger-blame-debug-report.txt
1<?xml version="1.0" encoding="utf-8"?>
2<manifest xmlns:android="http://schemas.android.com/apk/res/android"
3    package="com.flyweb"
4    android:versionCode="1"
5    android:versionName="1.0.0" >
6
7    <uses-sdk
8        android:minSdkVersion="19"
9        android:targetSdkVersion="33" />
10    <!--
11         Flutter needs it to communicate with the running application
12         to allow setting breakpoints, to provide hot reload, etc.
13    -->
14    <uses-permission android:name="android.permission.INTERNET" />
14-->src\main\AndroidManifest.xml:7:5-67
14-->src\main\AndroidManifest.xml:7:22-64
15
16    <uses-feature android:name="android.hardware.camera" />
16-->src\main\AndroidManifest.xml:4:5-60
16-->src\main\AndroidManifest.xml:4:19-57
17    <uses-feature android:name="android.hardware.camera.autofocus" />
17-->src\main\AndroidManifest.xml:5:5-70
17-->src\main\AndroidManifest.xml:5:19-67
18
19    <uses-permission android:name="android.permission.ACCESS_WIFI_STATE" />
19-->src\main\AndroidManifest.xml:8:5-76
19-->src\main\AndroidManifest.xml:8:22-73
20    <uses-permission android:name="android.permission.ACCESS_NETWORK_STATE" />
20-->src\main\AndroidManifest.xml:9:5-79
20-->src\main\AndroidManifest.xml:9:22-76
21    <uses-permission android:name="android.permission.WRITE_EXTERNAL_STORAGE" />
21-->src\main\AndroidManifest.xml:10:5-80
21-->src\main\AndroidManifest.xml:10:22-78
22    <uses-permission android:name="android.permission.READ_EXTERNAL_STORAGE" />
22-->src\main\AndroidManifest.xml:11:5-80
22-->src\main\AndroidManifest.xml:11:22-77
23    <uses-permission android:name="android.permission.ACCESS_FINE_LOCATION" />
23-->src\main\AndroidManifest.xml:12:5-79
23-->src\main\AndroidManifest.xml:12:22-76
24    <uses-permission android:name="android.permission.ACCESS_COARSE_LOCATION" />
24-->src\main\AndroidManifest.xml:13:5-81
24-->src\main\AndroidManifest.xml:13:22-78
25    <uses-permission android:name="android.permission.CAMERA" />
25-->src\main\AndroidManifest.xml:14:5-65
25-->src\main\AndroidManifest.xml:14:22-62
26    <uses-permission android:name="android.permission.RECORD_AUDIO" />
26-->src\main\AndroidManifest.xml:15:5-71
26-->src\main\AndroidManifest.xml:15:22-68
27    <uses-permission android:name="android.permission.MODIFY_AUDIO_SETTINGS" />
27-->src\main\AndroidManifest.xml:16:5-80
27-->src\main\AndroidManifest.xml:16:22-77
28    <uses-permission android:name="android.permission.VIDEO_CAPTURE" />
28-->src\main\AndroidManifest.xml:17:5-72
28-->src\main\AndroidManifest.xml:17:22-69
29    <uses-permission android:name="android.permission.AUDIO_CAPTURE" />
29-->src\main\AndroidManifest.xml:18:5-72
29-->src\main\AndroidManifest.xml:18:22-69
30    <uses-permission android:name="android.permission.REQUEST_INSTALL_PACKAGES" />
30-->src\main\AndroidManifest.xml:19:5-83
30-->src\main\AndroidManifest.xml:19:22-80
31    <uses-permission android:name="android.permission.FOREGROUND_SERVICE" />
31-->[:geolocator_android] AndroidManifest.xml:7:5-77
31-->[:geolocator_android] AndroidManifest.xml:7:22-74
32    <uses-permission android:name="android.permission.FLASHLIGHT" />
32-->[:flutter_barcode_scanner] AndroidManifest.xml:13:5-69
32-->[:flutter_barcode_scanner] AndroidManifest.xml:13:22-66
33
34    <queries>
34-->[:flutter_inappwebview] AndroidManifest.xml:7:5-11:15
35        <intent>
35-->[:flutter_inappwebview] AndroidManifest.xml:8:9-10:18
36            <action android:name="android.support.customtabs.action.CustomTabsService" />
36-->[:flutter_inappwebview] AndroidManifest.xml:9:13-90
36-->[:flutter_inappwebview] AndroidManifest.xml:9:21-87
37        </intent>
38        <!-- For browser content -->
39        <intent>
39-->[com.google.android.gms:play-services-ads-lite:20.6.0] AndroidManifest.xml:31:9-37:18
40            <action android:name="android.intent.action.VIEW" />
40-->[com.onesignal:OneSignal:4.8.2] AndroidManifest.xml:77:17-69
40-->[com.onesignal:OneSignal:4.8.2] AndroidManifest.xml:77:25-66
41
42            <category android:name="android.intent.category.BROWSABLE" />
42-->[com.google.android.gms:play-services-ads-lite:20.6.0] AndroidManifest.xml:34:13-74
42-->[com.google.android.gms:play-services-ads-lite:20.6.0] AndroidManifest.xml:34:23-71
43
44            <data android:scheme="https" />
44-->[com.google.android.gms:play-services-ads-lite:20.6.0] AndroidManifest.xml:36:13-44
44-->[com.google.android.gms:play-services-ads-lite:20.6.0] AndroidManifest.xml:36:19-41
45        </intent>
46    </queries> <!-- Create a unique permission for your app and use it so only your app can receive your OneSignal messages. -->
47    <permission
47-->[com.onesignal:OneSignal:4.8.2] AndroidManifest.xml:7:5-9:47
48        android:name="com.flyweb.permission.C2D_MESSAGE"
48-->[com.onesignal:OneSignal:4.8.2] AndroidManifest.xml:8:9-63
49        android:protectionLevel="signature" />
49-->[com.onesignal:OneSignal:4.8.2] AndroidManifest.xml:9:9-44
50
51    <uses-permission android:name="com.flyweb.permission.C2D_MESSAGE" /> <!-- OneSignal SDK has runtime checks Android version. -->
51-->[com.onesignal:OneSignal:4.8.2] AndroidManifest.xml:11:5-79
51-->[com.onesignal:OneSignal:4.8.2] AndroidManifest.xml:11:22-76
52    <!-- <uses-sdk tools:overrideLibrary="android.support.customtabs"/> -->
53    <!-- Required runtime permission to display notifications on Android 13 -->
54    <uses-permission android:name="android.permission.POST_NOTIFICATIONS" /> <!-- c2dm RECEIVE are basic requirements for push messages through Google's FCM -->
54-->[com.onesignal:OneSignal:4.8.2] AndroidManifest.xml:16:5-77
54-->[com.onesignal:OneSignal:4.8.2] AndroidManifest.xml:16:22-74
55    <uses-permission android:name="com.google.android.c2dm.permission.RECEIVE" /> <!-- Required, makes sure notifications are delivered on time. -->
55-->[com.onesignal:OneSignal:4.8.2] AndroidManifest.xml:18:5-82
55-->[com.onesignal:OneSignal:4.8.2] AndroidManifest.xml:18:22-79
56    <uses-permission android:name="android.permission.WAKE_LOCK" />
56-->[com.onesignal:OneSignal:4.8.2] AndroidManifest.xml:19:5-68
56-->[com.onesignal:OneSignal:4.8.2] AndroidManifest.xml:19:22-65
57    <!--
58 Required so the device vibrates on receiving a push notification.
59         Vibration settings of the device still apply.
60    -->
61    <uses-permission android:name="android.permission.VIBRATE" />
61-->[com.onesignal:OneSignal:4.8.2] AndroidManifest.xml:24:5-66
61-->[com.onesignal:OneSignal:4.8.2] AndroidManifest.xml:24:22-63
62    <!--
63 Use to restore notifications the user hasn't interacted with.
64         They could be missed notifications if the user reboots their device if this isn't in place.
65    -->
66    <uses-permission android:name="android.permission.RECEIVE_BOOT_COMPLETED" /> <!-- START: ShortcutBadger -->
66-->[com.onesignal:OneSignal:4.8.2] AndroidManifest.xml:30:5-81
66-->[com.onesignal:OneSignal:4.8.2] AndroidManifest.xml:30:22-78
67    <!-- Samsung -->
68    <uses-permission android:name="com.sec.android.provider.badge.permission.READ" />
68-->[com.onesignal:OneSignal:4.8.2] AndroidManifest.xml:32:5-86
68-->[com.onesignal:OneSignal:4.8.2] AndroidManifest.xml:32:22-83
69    <uses-permission android:name="com.sec.android.provider.badge.permission.WRITE" /> <!-- HTC -->
69-->[com.onesignal:OneSignal:4.8.2] AndroidManifest.xml:33:5-87
69-->[com.onesignal:OneSignal:4.8.2] AndroidManifest.xml:33:22-84
70    <uses-permission android:name="com.htc.launcher.permission.READ_SETTINGS" />
70-->[com.onesignal:OneSignal:4.8.2] AndroidManifest.xml:34:5-81
70-->[com.onesignal:OneSignal:4.8.2] AndroidManifest.xml:34:22-78
71    <uses-permission android:name="com.htc.launcher.permission.UPDATE_SHORTCUT" /> <!-- Sony -->
71-->[com.onesignal:OneSignal:4.8.2] AndroidManifest.xml:35:5-83
71-->[com.onesignal:OneSignal:4.8.2] AndroidManifest.xml:35:22-80
72    <uses-permission android:name="com.sonyericsson.home.permission.BROADCAST_BADGE" />
72-->[com.onesignal:OneSignal:4.8.2] AndroidManifest.xml:36:5-88
72-->[com.onesignal:OneSignal:4.8.2] AndroidManifest.xml:36:22-85
73    <uses-permission android:name="com.sonymobile.home.permission.PROVIDER_INSERT_BADGE" /> <!-- Apex -->
73-->[com.onesignal:OneSignal:4.8.2] AndroidManifest.xml:37:5-92
73-->[com.onesignal:OneSignal:4.8.2] AndroidManifest.xml:37:22-89
74    <uses-permission android:name="com.anddoes.launcher.permission.UPDATE_COUNT" /> <!-- Solid -->
74-->[com.onesignal:OneSignal:4.8.2] AndroidManifest.xml:38:5-84
74-->[com.onesignal:OneSignal:4.8.2] AndroidManifest.xml:38:22-81
75    <uses-permission android:name="com.majeur.launcher.permission.UPDATE_BADGE" /> <!-- Huawei -->
75-->[com.onesignal:OneSignal:4.8.2] AndroidManifest.xml:39:5-83
75-->[com.onesignal:OneSignal:4.8.2] AndroidManifest.xml:39:22-80
76    <uses-permission android:name="com.huawei.android.launcher.permission.CHANGE_BADGE" />
76-->[com.onesignal:OneSignal:4.8.2] AndroidManifest.xml:40:5-91
76-->[com.onesignal:OneSignal:4.8.2] AndroidManifest.xml:40:22-88
77    <uses-permission android:name="com.huawei.android.launcher.permission.READ_SETTINGS" />
77-->[com.onesignal:OneSignal:4.8.2] AndroidManifest.xml:41:5-92
77-->[com.onesignal:OneSignal:4.8.2] AndroidManifest.xml:41:22-89
78    <uses-permission android:name="com.huawei.android.launcher.permission.WRITE_SETTINGS" /> <!-- ZUK -->
78-->[com.onesignal:OneSignal:4.8.2] AndroidManifest.xml:42:5-93
78-->[com.onesignal:OneSignal:4.8.2] AndroidManifest.xml:42:22-90
79    <uses-permission android:name="android.permission.READ_APP_BADGE" /> <!-- OPPO -->
79-->[com.onesignal:OneSignal:4.8.2] AndroidManifest.xml:43:5-73
79-->[com.onesignal:OneSignal:4.8.2] AndroidManifest.xml:43:22-70
80    <uses-permission android:name="com.oppo.launcher.permission.READ_SETTINGS" />
80-->[com.onesignal:OneSignal:4.8.2] AndroidManifest.xml:44:5-82
80-->[com.onesignal:OneSignal:4.8.2] AndroidManifest.xml:44:22-79
81    <uses-permission android:name="com.oppo.launcher.permission.WRITE_SETTINGS" /> <!-- EvMe -->
81-->[com.onesignal:OneSignal:4.8.2] AndroidManifest.xml:45:5-83
81-->[com.onesignal:OneSignal:4.8.2] AndroidManifest.xml:45:22-80
82    <uses-permission android:name="me.everything.badger.permission.BADGE_COUNT_READ" />
82-->[com.onesignal:OneSignal:4.8.2] AndroidManifest.xml:46:5-88
82-->[com.onesignal:OneSignal:4.8.2] AndroidManifest.xml:46:22-85
83    <uses-permission android:name="me.everything.badger.permission.BADGE_COUNT_WRITE" />
83-->[com.onesignal:OneSignal:4.8.2] AndroidManifest.xml:47:5-89
83-->[com.onesignal:OneSignal:4.8.2] AndroidManifest.xml:47:22-86
84    <uses-permission android:name="com.google.android.gms.permission.AD_ID" />
84-->[com.google.android.gms:play-services-measurement-api:21.1.0] AndroidManifest.xml:25:5-79
84-->[com.google.android.gms:play-services-measurement-api:21.1.0] AndroidManifest.xml:25:22-76
85    <uses-permission android:name="com.google.android.finsky.permission.BIND_GET_INSTALL_REFERRER_SERVICE" />
85-->[com.google.android.gms:play-services-measurement:21.1.0] AndroidManifest.xml:26:5-110
85-->[com.google.android.gms:play-services-measurement:21.1.0] AndroidManifest.xml:26:22-107
86
87    <permission
87-->[androidx.core:core:1.9.0] AndroidManifest.xml:22:5-24:47
88        android:name="com.flyweb.DYNAMIC_RECEIVER_NOT_EXPORTED_PERMISSION"
88-->[androidx.core:core:1.9.0] AndroidManifest.xml:23:9-81
89        android:protectionLevel="signature" />
89-->[androidx.core:core:1.9.0] AndroidManifest.xml:24:9-44
90
91    <uses-permission android:name="com.flyweb.DYNAMIC_RECEIVER_NOT_EXPORTED_PERMISSION" />
91-->[androidx.core:core:1.9.0] AndroidManifest.xml:26:5-97
91-->[androidx.core:core:1.9.0] AndroidManifest.xml:26:22-94
92
93    <application
94        android:name="android.app.Application"
95        android:appComponentFactory="androidx.core.app.CoreComponentFactory"
95-->[androidx.core:core:1.9.0] AndroidManifest.xml:28:18-86
96        android:debuggable="true"
97        android:icon="@mipmap/ic_launcher"
98        android:label="@string/app_name"
99        android:largeHeap="true"
99-->[:flutter_barcode_scanner] AndroidManifest.xml:16:9-33
100        android:requestLegacyExternalStorage="true"
101        android:theme="@style/Theme.AppCompat.NoActionBar"
101-->[:flutter_barcode_scanner] AndroidManifest.xml:17:9-59
102        android:usesCleartextTraffic="true" >
103        <activity
104            android:name="com.flyweb.MainActivity"
105            android:configChanges="orientation|keyboardHidden|keyboard|screenSize|smallestScreenSize|locale|layoutDirection|fontScale|screenLayout|density|uiMode"
106            android:exported="true"
107            android:hardwareAccelerated="true"
108            android:launchMode="singleTop"
109            android:theme="@style/LaunchTheme"
110            android:windowSoftInputMode="adjustResize" >
111
112            <!-- Deeplink -->
113            <!--
114            <meta-data android:name="flutter_deeplinking_enabled" android:value="true" />
115            <intent-filter android:autoVerify="true">
116                <action android:name="android.intent.action.VIEW" />
117                <category android:name="android.intent.category.DEFAULT" />
118                <category android:name="android.intent.category.BROWSABLE" />
119                <data android:scheme="app.flyweb.scheme" />
120            </intent-filter>
121            -->
122
123
124            <!-- Deep linking -->
125            <meta-data
126                android:name="flutter_deeplinking_enabled"
127                android:value="true" />
128
129            <intent-filter android:autoVerify="true" >
130                <action android:name="android.intent.action.VIEW" />
130-->[com.onesignal:OneSignal:4.8.2] AndroidManifest.xml:77:17-69
130-->[com.onesignal:OneSignal:4.8.2] AndroidManifest.xml:77:25-66
131
132                <category android:name="android.intent.category.DEFAULT" />
133                <category android:name="android.intent.category.BROWSABLE" />
133-->[com.google.android.gms:play-services-ads-lite:20.6.0] AndroidManifest.xml:34:13-74
133-->[com.google.android.gms:play-services-ads-lite:20.6.0] AndroidManifest.xml:34:23-71
134
135                <data android:scheme="app.flyweb.scheme" />
135-->[com.google.android.gms:play-services-ads-lite:20.6.0] AndroidManifest.xml:36:13-44
135-->[com.google.android.gms:play-services-ads-lite:20.6.0] AndroidManifest.xml:36:19-41
136            </intent-filter>
137
138            <!--
139                 Specifies an Android theme to apply to this Activity as soon as
140                 the Android process has started. This theme is visible to the user
141                 while the Flutter UI initializes. After that, this theme continues
142                 to determine the Window background behind the Flutter UI.
143            -->
144            <meta-data
145                android:name="io.flutter.embedding.android.NormalTheme"
146                android:resource="@style/NormalTheme" />
147            <!--
148                 Displays an Android View that continues showing the launch screen
149                 Drawable until Flutter paints its first frame, then this splash
150                 screen fades out. A splash screen is useful to avoid any visual
151                 gap between the end of Android's launch screen and the painting of
152                 Flutter's first frame.
153            -->
154            <meta-data
155                android:name="io.flutter.embedding.android.SplashScreenDrawable"
156                android:resource="@drawable/launch_background" />
157
158            <intent-filter>
159                <action android:name="android.intent.action.MAIN" />
160                <action android:name="android.intent.action.VIEW" />
160-->[com.onesignal:OneSignal:4.8.2] AndroidManifest.xml:77:17-69
160-->[com.onesignal:OneSignal:4.8.2] AndroidManifest.xml:77:25-66
161
162                <category android:name="android.intent.category.LAUNCHER" />
163            </intent-filter>
164        </activity>
165        <!--
166             Don't delete the meta-data below.
167             This is used by the Flutter tool to generate GeneratedPluginRegistrant.java
168        -->
169        <meta-data
170            android:name="flutterEmbedding"
171            android:value="2" />
172
173        <!-- Sample app ID: ca-app-pub-3940256099942544~3347511713  xxxxxxxxxxxxxxxx~yyyyyyyyyy -->
174        <meta-data
175            android:name="com.google.android.gms.ads.APPLICATION_ID"
176            android:value="ca-app-pub-3940256099942544~3347511713" />
177
178        <provider
179            android:name="androidx.core.content.FileProvider"
180            android:authorities="com.flyweb.flutter_inappwebview.fileprovider"
181            android:exported="false"
182            android:grantUriPermissions="true" >
183            <meta-data
183-->[:share_plus] AndroidManifest.xml:18:13-20:68
184                android:name="android.support.FILE_PROVIDER_PATHS"
184-->[:share_plus] AndroidManifest.xml:19:17-67
185                android:resource="@xml/provider_paths" />
185-->[:share_plus] AndroidManifest.xml:20:17-65
186        </provider>
187
188        <!--
189        <provider
190            android:name="vn.hunghd.flutterdownloader.DownloadedFileProvider"
191            android:authorities="${applicationId}.flutter_downloader.provider"
192            android:exported="false"
193            android:grantUriPermissions="true">
194            <meta-data
195                android:name="android.support.FILE_PROVIDER_PATHS"
196                android:resource="@xml/provider_paths"/>
197        </provider>
198        -->
199
200        <service
200-->[:firebase_core] AndroidManifest.xml:8:9-12:19
201            android:name="com.google.firebase.components.ComponentDiscoveryService"
201-->[:firebase_core] AndroidManifest.xml:8:18-89
202            android:directBootAware="true"
202-->[com.google.firebase:firebase-common:20.1.1] AndroidManifest.xml:35:13-43
203            android:exported="false" >
203-->[com.google.android.gms:play-services-measurement-api:21.1.0] AndroidManifest.xml:30:13-37
204            <meta-data
204-->[:firebase_core] AndroidManifest.xml:9:13-11:85
205                android:name="com.google.firebase.components:io.flutter.plugins.firebase.core.FlutterFirebaseCoreRegistrar"
205-->[:firebase_core] AndroidManifest.xml:10:17-124
206                android:value="com.google.firebase.components.ComponentRegistrar" />
206-->[:firebase_core] AndroidManifest.xml:11:17-82
207            <meta-data
207-->[com.google.android.gms:play-services-measurement-api:21.1.0] AndroidManifest.xml:31:13-33:85
208                android:name="com.google.firebase.components:com.google.firebase.analytics.connector.internal.AnalyticsConnectorRegistrar"
208-->[com.google.android.gms:play-services-measurement-api:21.1.0] AndroidManifest.xml:32:17-139
209                android:value="com.google.firebase.components.ComponentRegistrar" />
209-->[com.google.android.gms:play-services-measurement-api:21.1.0] AndroidManifest.xml:33:17-82
210            <meta-data
210-->[com.google.firebase:firebase-messaging:23.0.7] AndroidManifest.xml:56:13-58:85
211                android:name="com.google.firebase.components:com.google.firebase.messaging.FirebaseMessagingRegistrar"
211-->[com.google.firebase:firebase-messaging:23.0.7] AndroidManifest.xml:57:17-119
212                android:value="com.google.firebase.components.ComponentRegistrar" />
212-->[com.google.firebase:firebase-messaging:23.0.7] AndroidManifest.xml:58:17-82
213            <meta-data
213-->[com.google.firebase:firebase-installations:17.0.1] AndroidManifest.xml:18:13-20:85
214                android:name="com.google.firebase.components:com.google.firebase.installations.FirebaseInstallationsRegistrar"
214-->[com.google.firebase:firebase-installations:17.0.1] AndroidManifest.xml:19:17-127
215                android:value="com.google.firebase.components.ComponentRegistrar" />
215-->[com.google.firebase:firebase-installations:17.0.1] AndroidManifest.xml:20:17-82
216            <meta-data
216-->[com.google.firebase:firebase-datatransport:18.1.5] AndroidManifest.xml:28:13-30:85
217                android:name="com.google.firebase.components:com.google.firebase.datatransport.TransportRegistrar"
217-->[com.google.firebase:firebase-datatransport:18.1.5] AndroidManifest.xml:29:17-115
218                android:value="com.google.firebase.components.ComponentRegistrar" />
218-->[com.google.firebase:firebase-datatransport:18.1.5] AndroidManifest.xml:30:17-82
219        </service>
220        <service
220-->[:geolocator_android] AndroidManifest.xml:10:9-14:56
221            android:name="com.baseflow.geolocator.GeolocatorLocationService"
221-->[:geolocator_android] AndroidManifest.xml:11:13-77
222            android:enabled="true"
222-->[:geolocator_android] AndroidManifest.xml:12:13-35
223            android:exported="false"
223-->[:geolocator_android] AndroidManifest.xml:13:13-37
224            android:foregroundServiceType="location" />
224-->[:geolocator_android] AndroidManifest.xml:14:13-53
225
226        <activity android:name="com.amolg.flutterbarcodescanner.BarcodeCaptureActivity" />
226-->[:flutter_barcode_scanner] AndroidManifest.xml:18:9-91
226-->[:flutter_barcode_scanner] AndroidManifest.xml:18:19-88
227        <activity
227-->[:url_launcher_android] AndroidManifest.xml:8:9-11:74
228            android:name="io.flutter.plugins.urllauncher.WebViewActivity"
228-->[:url_launcher_android] AndroidManifest.xml:9:13-74
229            android:exported="false"
229-->[:url_launcher_android] AndroidManifest.xml:10:13-37
230            android:theme="@android:style/Theme.NoTitleBar.Fullscreen" />
230-->[:url_launcher_android] AndroidManifest.xml:11:13-71
231        <activity
231-->[:flutter_inappwebview] AndroidManifest.xml:14:9-18:47
232            android:name="com.pichillilorenzo.flutter_inappwebview.in_app_browser.InAppBrowserActivity"
232-->[:flutter_inappwebview] AndroidManifest.xml:15:13-104
233            android:configChanges="orientation|keyboardHidden|keyboard|screenSize|locale|layoutDirection|fontScale|screenLayout|density"
233-->[:flutter_inappwebview] AndroidManifest.xml:16:13-137
234            android:exported="false"
234-->[:flutter_inappwebview] AndroidManifest.xml:17:13-37
235            android:theme="@style/AppTheme" />
235-->[:flutter_inappwebview] AndroidManifest.xml:18:13-44
236        <activity
236-->[:flutter_inappwebview] AndroidManifest.xml:19:9-22:55
237            android:name="com.pichillilorenzo.flutter_inappwebview.chrome_custom_tabs.ChromeCustomTabsActivity"
237-->[:flutter_inappwebview] AndroidManifest.xml:20:13-112
238            android:exported="false"
238-->[:flutter_inappwebview] AndroidManifest.xml:21:13-37
239            android:theme="@style/ThemeTransparent" />
239-->[:flutter_inappwebview] AndroidManifest.xml:22:13-52
240        <activity
240-->[:flutter_inappwebview] AndroidManifest.xml:23:9-26:55
241            android:name="com.pichillilorenzo.flutter_inappwebview.chrome_custom_tabs.TrustedWebActivity"
241-->[:flutter_inappwebview] AndroidManifest.xml:24:13-106
242            android:exported="false"
242-->[:flutter_inappwebview] AndroidManifest.xml:25:13-37
243            android:theme="@style/ThemeTransparent" />
243-->[:flutter_inappwebview] AndroidManifest.xml:26:13-52
244        <activity
244-->[:flutter_inappwebview] AndroidManifest.xml:27:9-31:55
245            android:name="com.pichillilorenzo.flutter_inappwebview.chrome_custom_tabs.ChromeCustomTabsActivitySingleInstance"
245-->[:flutter_inappwebview] AndroidManifest.xml:28:13-126
246            android:exported="false"
246-->[:flutter_inappwebview] AndroidManifest.xml:29:13-37
247            android:launchMode="singleInstance"
247-->[:flutter_inappwebview] AndroidManifest.xml:30:13-48
248            android:theme="@style/ThemeTransparent" />
248-->[:flutter_inappwebview] AndroidManifest.xml:31:13-52
249        <activity
249-->[:flutter_inappwebview] AndroidManifest.xml:32:9-36:55
250            android:name="com.pichillilorenzo.flutter_inappwebview.chrome_custom_tabs.TrustedWebActivitySingleInstance"
250-->[:flutter_inappwebview] AndroidManifest.xml:33:13-120
251            android:exported="false"
251-->[:flutter_inappwebview] AndroidManifest.xml:34:13-37
252            android:launchMode="singleInstance"
252-->[:flutter_inappwebview] AndroidManifest.xml:35:13-48
253            android:theme="@style/ThemeTransparent" />
253-->[:flutter_inappwebview] AndroidManifest.xml:36:13-52
254
255        <receiver
255-->[:flutter_inappwebview] AndroidManifest.xml:38:9-41:40
256            android:name="com.pichillilorenzo.flutter_inappwebview.chrome_custom_tabs.ActionBroadcastReceiver"
256-->[:flutter_inappwebview] AndroidManifest.xml:39:13-111
257            android:enabled="true"
257-->[:flutter_inappwebview] AndroidManifest.xml:40:13-35
258            android:exported="false" />
258-->[:flutter_inappwebview] AndroidManifest.xml:41:13-37
259
260        <meta-data
260-->[:flutter_inappwebview] AndroidManifest.xml:43:9-45:36
261            android:name="io.flutter.embedded_views_preview"
261-->[:flutter_inappwebview] AndroidManifest.xml:44:13-61
262            android:value="true" />
262-->[:flutter_inappwebview] AndroidManifest.xml:45:13-33
263        <!--
264           Declares a provider which allows us to store files to share in
265           '.../caches/share_plus' and grant the receiving action access
266        -->
267        <provider
267-->[:share_plus] AndroidManifest.xml:13:9-21:20
268            android:name="dev.fluttercommunity.plus.share.ShareFileProvider"
268-->[:share_plus] AndroidManifest.xml:14:13-77
269            android:authorities="com.flyweb.flutter.share_provider"
269-->[:share_plus] AndroidManifest.xml:15:13-74
270            android:exported="false"
270-->[:share_plus] AndroidManifest.xml:16:13-37
271            android:grantUriPermissions="true" >
271-->[:share_plus] AndroidManifest.xml:17:13-47
272            <meta-data
272-->[:share_plus] AndroidManifest.xml:18:13-20:68
273                android:name="android.support.FILE_PROVIDER_PATHS"
273-->[:share_plus] AndroidManifest.xml:19:17-67
274                android:resource="@xml/flutter_share_file_paths" />
274-->[:share_plus] AndroidManifest.xml:20:17-65
275        </provider>
276        <!--
277           This manifest declared broadcast receiver allows us to use an explicit
278           Intent when creating a PendingItent to be informed of the user's choice
279        -->
280        <receiver
280-->[:share_plus] AndroidManifest.xml:26:9-32:20
281            android:name="dev.fluttercommunity.plus.share.SharePlusPendingIntent"
281-->[:share_plus] AndroidManifest.xml:27:13-82
282            android:exported="true" >
282-->[:share_plus] AndroidManifest.xml:28:13-36
283            <intent-filter>
283-->[:share_plus] AndroidManifest.xml:29:13-31:29
284                <action android:name="EXTRA_CHOSEN_COMPONENT" />
284-->[:share_plus] AndroidManifest.xml:30:17-65
284-->[:share_plus] AndroidManifest.xml:30:25-62
285            </intent-filter>
286        </receiver>
287
288        <service
288-->[:location] AndroidManifest.xml:11:9-15:56
289            android:name="com.lyokone.location.FlutterLocationService"
289-->[:location] AndroidManifest.xml:12:13-71
290            android:enabled="true"
290-->[:location] AndroidManifest.xml:13:13-35
291            android:exported="false"
291-->[:location] AndroidManifest.xml:14:13-37
292            android:foregroundServiceType="location" />
292-->[:location] AndroidManifest.xml:15:13-53
293
294        <receiver
294-->[com.onesignal:OneSignal:4.8.2] AndroidManifest.xml:50:9-61:20
295            android:name="com.onesignal.FCMBroadcastReceiver"
295-->[com.onesignal:OneSignal:4.8.2] AndroidManifest.xml:51:13-62
296            android:exported="true"
296-->[com.onesignal:OneSignal:4.8.2] AndroidManifest.xml:52:13-36
297            android:permission="com.google.android.c2dm.permission.SEND" >
297-->[com.onesignal:OneSignal:4.8.2] AndroidManifest.xml:53:13-73
298
299            <!-- High priority so OneSignal payloads can be filtered from other FCM receivers -->
300            <intent-filter android:priority="999" >
300-->[com.onesignal:OneSignal:4.8.2] AndroidManifest.xml:56:13-60:29
300-->[com.onesignal:OneSignal:4.8.2] AndroidManifest.xml:56:28-50
301                <action android:name="com.google.android.c2dm.intent.RECEIVE" />
301-->[com.onesignal:OneSignal:4.8.2] AndroidManifest.xml:57:17-81
301-->[com.onesignal:OneSignal:4.8.2] AndroidManifest.xml:57:25-78
302
303                <category android:name="com.flyweb" />
303-->[com.onesignal:OneSignal:4.8.2] AndroidManifest.xml:59:17-61
303-->[com.onesignal:OneSignal:4.8.2] AndroidManifest.xml:59:27-58
304            </intent-filter>
305        </receiver>
306
307        <service
307-->[com.onesignal:OneSignal:4.8.2] AndroidManifest.xml:63:9-69:19
308            android:name="com.onesignal.HmsMessageServiceOneSignal"
308-->[com.onesignal:OneSignal:4.8.2] AndroidManifest.xml:64:13-68
309            android:exported="false" >
309-->[com.onesignal:OneSignal:4.8.2] AndroidManifest.xml:65:13-37
310            <intent-filter>
310-->[com.onesignal:OneSignal:4.8.2] AndroidManifest.xml:66:13-68:29
311                <action android:name="com.huawei.push.action.MESSAGING_EVENT" />
311-->[com.onesignal:OneSignal:4.8.2] AndroidManifest.xml:67:17-81
311-->[com.onesignal:OneSignal:4.8.2] AndroidManifest.xml:67:25-78
312            </intent-filter>
313        </service>
314
315        <activity
315-->[com.onesignal:OneSignal:4.8.2] AndroidManifest.xml:71:9-79:20
316            android:name="com.onesignal.NotificationOpenedActivityHMS"
316-->[com.onesignal:OneSignal:4.8.2] AndroidManifest.xml:72:13-71
317            android:exported="true"
317-->[com.onesignal:OneSignal:4.8.2] AndroidManifest.xml:73:13-36